<?xml version="1.0" encoding="UTF-8"?>
<!-- Generated by org.testng.reporters.JUnitXMLReporter -->
<testsuite hostname="MacBook-Air-Admin-2.local" tests="1" failures="1" timestamp="26 Aug 2015 13:20:23 GMT" time="7.315" errors="0">
  <testcase name="testCheck" time="7.295" classname="TestCheckLinks">
    <failure type="java.lang.AssertionError" message="Fail test
Incorrect urls: 
https://google.com/language_tools?hl=ru&amp;amp;amp;authuser=0 broken on the page https://google.com/ 13 0
">
      <![CDATA[java.lang.AssertionError: Fail test
Incorrect urls: 
https://google.com/language_tools?hl=ru&amp;authuser=0 broken on the page https://google.com/ 13 0

	at TestCheckLinks.testCheck(TestCheckLinks.java:36)
... Removed 25 stack frames]]>
    </failure>
  </testcase> <!-- testCheck -->
</testsuite>
